2023-09-09 09:54:12,108 INFO o.a.j.u.JMeterUtils: Setting Locale to en_EN
2023-09-09 09:54:12,121 INFO o.a.j.JMeter: Loading user properties from: /opt/homebrew/Cellar/jmeter/5.6.2/libexec/bin/user.properties
2023-09-09 09:54:12,121 INFO o.a.j.JMeter: Loading system properties from: /opt/homebrew/Cellar/jmeter/5.6.2/libexec/bin/system.properties
2023-09-09 09:54:12,125 INFO o.a.j.JMeter: Copyright (c) 1998-2023 The Apache Software Foundation
2023-09-09 09:54:12,125 INFO o.a.j.JMeter: Version 5.6.2
2023-09-09 09:54:12,125 INFO o.a.j.JMeter: java.version=17.0.8.1
2023-09-09 09:54:12,125 INFO o.a.j.JMeter: java.vm.name=OpenJDK 64-Bit Server VM
2023-09-09 09:54:12,125 INFO o.a.j.JMeter: os.name=Mac OS X
2023-09-09 09:54:12,125 INFO o.a.j.JMeter: os.arch=aarch64
2023-09-09 09:54:12,125 INFO o.a.j.JMeter: os.version=13.5.1
2023-09-09 09:54:12,125 INFO o.a.j.JMeter: file.encoding=UTF-8
2023-09-09 09:54:12,125 INFO o.a.j.JMeter: java.awt.headless=true
2023-09-09 09:54:12,125 INFO o.a.j.JMeter: Max memory     =1073741824
2023-09-09 09:54:12,125 INFO o.a.j.JMeter: Available Processors =10
2023-09-09 09:54:12,131 INFO o.a.j.JMeter: Default Locale=English (EN)
2023-09-09 09:54:12,131 INFO o.a.j.JMeter: JMeter  Locale=English (EN)
2023-09-09 09:54:12,131 INFO o.a.j.JMeter: JMeterHome=/opt/homebrew/Cellar/jmeter/5.6.2/libexec
2023-09-09 09:54:12,131 INFO o.a.j.JMeter: user.dir  =/Users/krlosaren/projects/devops-foundation/workshop-final/devops-workshop-final
2023-09-09 09:54:12,131 INFO o.a.j.JMeter: PWD       =/Users/krlosaren/projects/devops-foundation/workshop-final/devops-workshop-final
2023-09-09 09:54:12,133 INFO o.a.j.JMeter: IP: 127.0.0.1 Name: krlosaren.local FullName: 127.0.0.1
2023-09-09 09:54:12,177 INFO o.a.j.JMeter: Setting property 'jmeter.reportgenerator.outputdir' to:'/Users/krlosaren/projects/devops-foundation/workshop-final/devops-workshop-final/jmeter/reports'
2023-09-09 09:54:12,178 INFO o.a.j.s.FileServer: Default base='/Users/krlosaren/projects/devops-foundation/workshop-final/devops-workshop-final'
2023-09-09 09:54:12,179 INFO o.a.j.s.FileServer: Set new base='/Users/krlosaren/projects/devops-foundation/workshop-final/devops-workshop-final/jmeter'
2023-09-09 09:54:12,280 INFO o.a.j.s.SaveService: Testplan (JMX) version: 2.2. Testlog (JTL) version: 2.2
2023-09-09 09:54:12,298 INFO o.a.j.s.SaveService: Using SaveService properties version 5.0
2023-09-09 09:54:12,299 INFO o.a.j.s.SaveService: Using SaveService properties file encoding UTF-8
2023-09-09 09:54:12,301 INFO o.a.j.s.SaveService: Loading file: jmeter/service_testing.jmx
2023-09-09 09:54:12,332 INFO o.a.j.p.h.s.HTTPSamplerBase: Parser for text/html is org.apache.jmeter.protocol.http.parser.LagartoBasedHtmlParser
2023-09-09 09:54:12,332 INFO o.a.j.p.h.s.HTTPSamplerBase: Parser for application/xhtml+xml is org.apache.jmeter.protocol.http.parser.LagartoBasedHtmlParser
2023-09-09 09:54:12,332 INFO o.a.j.p.h.s.HTTPSamplerBase: Parser for application/xml is org.apache.jmeter.protocol.http.parser.LagartoBasedHtmlParser
2023-09-09 09:54:12,332 INFO o.a.j.p.h.s.HTTPSamplerBase: Parser for text/xml is org.apache.jmeter.protocol.http.parser.LagartoBasedHtmlParser
2023-09-09 09:54:12,332 INFO o.a.j.p.h.s.HTTPSamplerBase: Parser for text/vnd.wap.wml is org.apache.jmeter.protocol.http.parser.RegexpHTMLParser
2023-09-09 09:54:12,332 INFO o.a.j.p.h.s.HTTPSamplerBase: Parser for text/css is org.apache.jmeter.protocol.http.parser.CssParser
2023-09-09 09:54:12,346 INFO o.a.j.JMeter: Creating summariser <summary>
2023-09-09 09:54:12,348 INFO o.a.j.r.d.ReportGenerator: ReportGenerator will use for Parsing the separator: ','
2023-09-09 09:54:12,349 INFO o.a.j.r.d.ReportGenerator: Will generate report at end of test from  results file: jmeter/reports/results.csv
2023-09-09 09:54:12,349 INFO o.a.j.r.d.ReportGenerator: Reading report generator properties from: /opt/homebrew/Cellar/jmeter/5.6.2/libexec/bin/reportgenerator.properties
2023-09-09 09:54:12,349 INFO o.a.j.r.d.ReportGenerator: Merging with JMeter properties
2023-09-09 09:54:12,351 INFO o.a.j.r.c.ReportGeneratorConfiguration: Property 'jmeter.reportgenerator.temp_dir' not found, using default value 'temp' instead.
2023-09-09 09:54:12,352 INFO o.a.j.r.c.ReportGeneratorConfiguration: Property 'jmeter.reportgenerator.apdex_per_transaction' not found, using default value 'null' instead.
2023-09-09 09:54:12,352 INFO o.a.j.r.c.ReportGeneratorConfiguration: apdex_per_transaction is empty, not APDEX per transaction customization
2023-09-09 09:54:12,352 INFO o.a.j.r.c.ReportGeneratorConfiguration: Property 'jmeter.reportgenerator.sample_filter' not found, using default value 'null' instead.
2023-09-09 09:54:12,352 INFO o.a.j.r.c.ReportGeneratorConfiguration: Property 'jmeter.reportgenerator.report_title' not found, using default value 'null' instead.
2023-09-09 09:54:12,352 INFO o.a.j.r.c.ReportGeneratorConfiguration: Property 'jmeter.reportgenerator.start_date' not found, using default value 'null' instead.
2023-09-09 09:54:12,352 INFO o.a.j.r.c.ReportGeneratorConfiguration: Property 'jmeter.reportgenerator.end_date' not found, using default value 'null' instead.
2023-09-09 09:54:12,352 INFO o.a.j.r.c.ReportGeneratorConfiguration: Property 'jmeter.reportgenerator.date_format' not found, using default value 'null' instead.
2023-09-09 09:54:12,353 INFO o.a.j.r.c.ReportGeneratorConfiguration: Will use date range start date: null, end date: null
2023-09-09 09:54:12,355 INFO o.a.j.r.c.ReportGeneratorConfiguration: Property 'jmeter.reportgenerator.graph.totalTPS.exclude_controllers' not found, using default value 'false' instead.
2023-09-09 09:54:12,355 INFO o.a.j.r.c.ReportGeneratorConfiguration: Property 'jmeter.reportgenerator.graph.activeThreadsOverTime.exclude_controllers' not found, using default value 'false' instead.
2023-09-09 09:54:12,355 INFO o.a.j.r.c.ReportGeneratorConfiguration: Property 'jmeter.reportgenerator.graph.timeVsThreads.exclude_controllers' not found, using default value 'false' instead.
2023-09-09 09:54:12,355 INFO o.a.j.r.c.ReportGeneratorConfiguration: Property 'jmeter.reportgenerator.graph.responseTimeDistribution.exclude_controllers' not found, using default value 'false' instead.
2023-09-09 09:54:12,355 INFO o.a.j.r.c.ReportGeneratorConfiguration: Property 'jmeter.reportgenerator.graph.transactionsPerSecond.exclude_controllers' not found, using default value 'false' instead.
2023-09-09 09:54:12,355 INFO o.a.j.r.c.ReportGeneratorConfiguration: Property 'jmeter.reportgenerator.graph.responseTimePercentiles.exclude_controllers' not found, using default value 'false' instead.
2023-09-09 09:54:12,355 INFO o.a.j.r.c.ReportGeneratorConfiguration: Property 'jmeter.reportgenerator.graph.responseTimePercentilesOverTime.exclude_controllers' not found, using default value 'false' instead.
2023-09-09 09:54:12,355 INFO o.a.j.r.c.ReportGeneratorConfiguration: Property 'jmeter.reportgenerator.graph.responseTimesOverTime.exclude_controllers' not found, using default value 'false' instead.
2023-09-09 09:54:12,355 INFO o.a.j.r.c.ReportGeneratorConfiguration: Property 'jmeter.reportgenerator.graph.connectTimeOverTime.exclude_controllers' not found, using default value 'false' instead.
2023-09-09 09:54:12,355 INFO o.a.j.r.c.ReportGeneratorConfiguration: Property 'jmeter.reportgenerator.graph.latenciesOverTime.exclude_controllers' not found, using default value 'false' instead.
2023-09-09 09:54:12,356 INFO o.a.j.r.c.ReportGeneratorConfiguration: Property 'jmeter.reportgenerator.exporter.json.filters_only_sample_series' not found, using default value 'true' instead.
2023-09-09 09:54:12,356 INFO o.a.j.r.c.ReportGeneratorConfiguration: Property 'jmeter.reportgenerator.exporter.json.series_filter' not found, using default value '' instead.
2023-09-09 09:54:12,356 INFO o.a.j.r.c.ReportGeneratorConfiguration: Property 'jmeter.reportgenerator.exporter.json.show_controllers_only' not found, using default value 'false' instead.
2023-09-09 09:54:12,356 INFO o.a.j.r.c.ReportGeneratorConfiguration: Property 'jmeter.reportgenerator.exporter.html.filters_only_sample_series' not found, using default value 'true' instead.
2023-09-09 09:54:12,356 INFO o.a.j.r.c.ReportGeneratorConfiguration: Property 'jmeter.reportgenerator.exporter.html.series_filter' not found, using default value '' instead.
2023-09-09 09:54:12,356 INFO o.a.j.r.c.ReportGeneratorConfiguration: Property 'jmeter.reportgenerator.exporter.html.show_controllers_only' not found, using default value 'false' instead.
2023-09-09 09:54:12,363 INFO o.a.j.e.StandardJMeterEngine: Running the test!
2023-09-09 09:54:12,363 INFO o.a.j.s.SampleEvent: List of sample_variables: []
2023-09-09 09:54:12,363 INFO o.a.j.s.SampleEvent: List of sample_variables: []
2023-09-09 09:54:12,367 INFO o.a.j.e.u.CompoundVariable: Note: Function class names must contain the string: '.functions.'
2023-09-09 09:54:12,367 INFO o.a.j.e.u.CompoundVariable: Note: Function class names must not contain the string: '.gui.'
2023-09-09 09:54:12,398 INFO o.a.j.r.ClassFinder: Will scan jar /opt/homebrew/Cellar/jmeter/5.6.2/libexec/lib/ext/jmeter-plugins-manager-1.9.jar with filter ExtendsClassFilter [parents=[interface org.apache.jmeter.functions.Function], inner=false, contains=null, notContains=null]. Consider exposing JMeter plugins via META-INF/services, and add JMeter-Skip-Class-Scanning=true manifest attribute so JMeter can skip classfile scanning
2023-09-09 09:54:12,445 INFO o.a.j.JMeter: Running test (1694264052445)
2023-09-09 09:54:12,457 INFO o.a.j.e.StandardJMeterEngine: Starting ThreadGroup: 1 : Service Testing
2023-09-09 09:54:12,457 INFO o.a.j.e.StandardJMeterEngine: Starting 1 threads for group Service Testing.
2023-09-09 09:54:12,457 INFO o.a.j.e.StandardJMeterEngine: Thread will continue on error
2023-09-09 09:54:12,457 INFO o.a.j.t.ThreadGroup: Starting thread group... number=1 threads=1 ramp-up=1 delayedStart=false
2023-09-09 09:54:12,460 INFO o.a.j.t.ThreadGroup: Started thread group number 1
2023-09-09 09:54:12,460 INFO o.a.j.e.StandardJMeterEngine: All thread groups have been started
2023-09-09 09:54:12,461 INFO o.a.j.t.JMeterThread: Thread started: Service Testing 1-1
2023-09-09 09:54:12,472 INFO o.a.j.p.h.s.HTTPHCAbstractImpl: Local host = krlosaren.local
2023-09-09 09:54:12,475 INFO o.a.j.p.h.s.HTTPHC4Impl: HTTP request retry count = 0
2023-09-09 09:54:12,476 INFO o.a.j.s.SampleResult: Note: Sample TimeStamps are START times
2023-09-09 09:54:12,476 INFO o.a.j.s.SampleResult: sampleresult.default.encoding is set to UTF-8
2023-09-09 09:54:12,476 INFO o.a.j.s.SampleResult: sampleresult.useNanoTime=true
2023-09-09 09:54:12,476 INFO o.a.j.s.SampleResult: sampleresult.nanoThreadSleep=5000
2023-09-09 09:54:12,845 INFO o.a.j.t.JMeterThread: Thread is done: Service Testing 1-1
2023-09-09 09:54:12,845 INFO o.a.j.t.JMeterThread: Thread finished: Service Testing 1-1
2023-09-09 09:54:12,846 INFO o.a.j.e.StandardJMeterEngine: Notifying test listeners of end of test
2023-09-09 09:54:12,847 INFO o.a.j.r.Summariser: summary =      1 in 00:00:00 =    2.5/s Avg:   335 Min:   335 Max:   335 Err:     0 (0.00%)
2023-09-09 09:54:12,847 INFO o.a.j.JMeter: Generating Dashboard
2023-09-09 09:54:12,847 INFO o.a.j.r.d.ReportGenerator: Flushing result collector before report Generation
2023-09-09 09:54:12,851 INFO o.a.j.r.p.NormalizerSampleConsumer: Using format, 'ms', to parse timeStamp field
2023-09-09 09:54:12,873 INFO o.a.j.r.p.AbstractSampleConsumer: class org.apache.jmeter.report.processor.AggregateConsumer#stopProducing(): beginDate produced 0 samples
2023-09-09 09:54:12,873 INFO o.a.j.r.p.AbstractSampleConsumer: class org.apache.jmeter.report.processor.AggregateConsumer#stopProducing(): endDate produced 0 samples
2023-09-09 09:54:12,874 INFO o.a.j.r.p.AbstractSampleConsumer: class org.apache.jmeter.report.processor.ApdexSummaryConsumer#stopProducing(): apdexSummary produced 0 samples
2023-09-09 09:54:12,874 INFO o.a.j.r.p.AbstractSampleConsumer: class org.apache.jmeter.report.processor.RequestsSummaryConsumer#stopProducing(): requestsSummary produced 0 samples
2023-09-09 09:54:12,875 INFO o.a.j.r.p.AbstractSampleConsumer: class org.apache.jmeter.report.processor.StatisticsSummaryConsumer#stopProducing(): statisticsSummary produced 0 samples
2023-09-09 09:54:12,876 INFO o.a.j.r.p.AbstractSampleConsumer: class org.apache.jmeter.report.processor.Top5ErrorsBySamplerConsumer#stopProducing(): top5ErrorsBySampler produced 0 samples
2023-09-09 09:54:12,876 INFO o.a.j.r.p.AbstractSampleConsumer: class org.apache.jmeter.report.processor.ErrorsSummaryConsumer#stopProducing(): errorsSummary produced 0 samples
2023-09-09 09:54:12,877 INFO o.a.j.r.p.AbstractSampleConsumer: class org.apache.jmeter.report.processor.graph.impl.HitsPerSecondGraphConsumer#stopProducing(): hitsPerSecond produced 0 samples
2023-09-09 09:54:12,878 INFO o.a.j.r.p.AbstractSampleConsumer: class org.apache.jmeter.report.processor.graph.impl.LatencyVSRequestGraphConsumer#stopProducing(): latencyVsRequest produced 0 samples
2023-09-09 09:54:12,878 INFO o.a.j.r.p.AbstractSampleConsumer: class org.apache.jmeter.report.processor.graph.impl.SyntheticResponseTimeDistributionGraphConsumer#stopProducing(): syntheticResponseTimeDistribution produced 0 samples
2023-09-09 09:54:12,878 INFO o.a.j.r.p.AbstractSampleConsumer: class org.apache.jmeter.report.processor.graph.impl.BytesThroughputGraphConsumer#stopProducing(): bytesThroughputOverTime produced 0 samples
2023-09-09 09:54:12,878 INFO o.a.j.r.p.AbstractSampleConsumer: class org.apache.jmeter.report.processor.graph.impl.CodesPerSecondGraphConsumer#stopProducing(): codesPerSecond produced 0 samples
2023-09-09 09:54:12,878 INFO o.a.j.r.p.AbstractSampleConsumer: class org.apache.jmeter.report.processor.graph.impl.ResponseTimeVSRequestGraphConsumer#stopProducing(): responseTimeVsRequest produced 0 samples
2023-09-09 09:54:12,878 INFO o.a.j.r.p.AbstractSampleConsumer: class org.apache.jmeter.report.processor.FilterConsumer#stopProducing(): startIntervalControlerFilter produced 7 samples
2023-09-09 09:54:12,878 INFO o.a.j.r.p.AbstractSampleConsumer: class org.apache.jmeter.report.processor.graph.impl.TotalTPSGraphConsumer#stopProducing(): totalTPS produced 0 samples
2023-09-09 09:54:12,878 INFO o.a.j.r.p.AbstractSampleConsumer: class org.apache.jmeter.report.processor.graph.impl.ActiveThreadsGraphConsumer#stopProducing(): activeThreadsOverTime produced 0 samples
2023-09-09 09:54:12,879 INFO o.a.j.r.p.AbstractSampleConsumer: class org.apache.jmeter.report.processor.graph.impl.TimeVSThreadGraphConsumer#stopProducing(): timeVsThreads produced 0 samples
2023-09-09 09:54:12,879 INFO o.a.j.r.p.AbstractSampleConsumer: class org.apache.jmeter.report.processor.graph.impl.ResponseTimeDistributionGraphConsumer#stopProducing(): responseTimeDistribution produced 0 samples
2023-09-09 09:54:12,879 INFO o.a.j.r.p.AbstractSampleConsumer: class org.apache.jmeter.report.processor.graph.impl.TransactionsPerSecondGraphConsumer#stopProducing(): transactionsPerSecond produced 0 samples
2023-09-09 09:54:12,879 INFO o.a.j.r.p.AbstractSampleConsumer: class org.apache.jmeter.report.processor.graph.impl.ResponseTimePercentilesGraphConsumer#stopProducing(): responseTimePercentiles produced 0 samples
2023-09-09 09:54:12,879 INFO o.a.j.r.p.AbstractSampleConsumer: class org.apache.jmeter.report.processor.graph.impl.ResponseTimePercentilesOverTimeGraphConsumer#stopProducing(): responseTimePercentilesOverTime produced 0 samples
2023-09-09 09:54:12,879 INFO o.a.j.r.p.AbstractSampleConsumer: class org.apache.jmeter.report.processor.graph.impl.ResponseTimeOverTimeGraphConsumer#stopProducing(): responseTimesOverTime produced 0 samples
2023-09-09 09:54:12,879 INFO o.a.j.r.p.AbstractSampleConsumer: class org.apache.jmeter.report.processor.graph.impl.ConnectTimeOverTimeGraphConsumer#stopProducing(): connectTimeOverTime produced 0 samples
2023-09-09 09:54:12,879 INFO o.a.j.r.p.AbstractSampleConsumer: class org.apache.jmeter.report.processor.graph.impl.LatencyOverTimeGraphConsumer#stopProducing(): latenciesOverTime produced 0 samples
2023-09-09 09:54:12,879 INFO o.a.j.r.p.AbstractSampleConsumer: class org.apache.jmeter.report.processor.FilterConsumer#stopProducing(): nameFilter produced 15 samples
2023-09-09 09:54:12,879 INFO o.a.j.r.p.AbstractSampleConsumer: class org.apache.jmeter.report.processor.FilterConsumer#stopProducing(): dateRangeFilter produced 3 samples
2023-09-09 09:54:12,879 INFO o.a.j.r.p.AbstractSampleConsumer: class org.apache.jmeter.report.processor.NormalizerSampleConsumer#stopProducing(): normalizer produced 1 samples
2023-09-09 09:54:12,879 INFO o.a.j.r.p.CsvFileSampleSource: produce(): 1 samples produced in 18ms on channel 0
2023-09-09 09:54:12,879 INFO o.a.j.r.d.ReportGenerator: Exporting data using exporter:'json' of className:'org.apache.jmeter.report.dashboard.JsonExporter'
2023-09-09 09:54:12,941 INFO o.a.j.r.d.JsonExporter: Found data for consumer statisticsSummary in context
2023-09-09 09:54:12,941 INFO o.a.j.r.d.JsonExporter: Creating statistics for overall
2023-09-09 09:54:12,942 INFO o.a.j.r.d.JsonExporter: Creating statistics for other transactions
2023-09-09 09:54:12,942 INFO o.a.j.r.d.JsonExporter: Checking output folder
2023-09-09 09:54:12,942 INFO o.a.j.r.d.JsonExporter: Writing statistics JSON to /Users/krlosaren/projects/devops-foundation/workshop-final/devops-workshop-final/jmeter/reports/statistics.json
2023-09-09 09:54:12,959 INFO o.a.j.r.d.ReportGenerator: Exporting data using exporter:'html' of className:'org.apache.jmeter.report.dashboard.HtmlTemplateExporter'
2023-09-09 09:54:12,960 INFO o.a.j.r.d.HtmlTemplateExporter: Will generate dashboard in folder: /Users/krlosaren/projects/devops-foundation/workshop-final/devops-workshop-final/jmeter/reports
2023-09-09 09:54:13,013 INFO o.a.j.r.d.HtmlTemplateExporter: Report will be generated in: /Users/krlosaren/projects/devops-foundation/workshop-final/devops-workshop-final/jmeter/reports, creating folder structure
2023-09-09 09:54:13,014 INFO o.a.j.r.d.TemplateVisitor: Copying folder from '/opt/homebrew/Cellar/jmeter/5.6.2/libexec/bin/report-template' to '/Users/krlosaren/projects/devops-foundation/workshop-final/devops-workshop-final/jmeter/reports', got message: /Users/krlosaren/projects/devops-foundation/workshop-final/devops-workshop-final/jmeter/reports, found non empty folder with following content [/Users/krlosaren/projects/devops-foundation/workshop-final/devops-workshop-final/jmeter/reports/statistics.json, /Users/krlosaren/projects/devops-foundation/workshop-final/devops-workshop-final/jmeter/reports/results.csv], will be ignored
2023-09-09 09:54:13,189 INFO o.a.j.JMeter: Dashboard generated
